Der Buildvorgang wurde am 18.07.2014 22:35:48 gestartet.
     1>Projekt "D:\GitHub\THM_SWT_Projekt\SWT_Projekt_Temperaturanzeige\SWT_Projekt_Temperaturanzeige\SWT_Projekt_Temperaturanzeige.vcxproj" auf Knoten "2", Build Ziel(e).
     1>ClCompile:
         C:\Program Files (x86)\Microsoft Visual Studio 11.0\VC\bin\CL.exe /c /I"D:/Programmieren/gtk/include/gtk-3.0" /ID:/Programmieren/gtk/include/cairo /I"D:/Programmieren/gtk/include/pango-1.0" /I"D:/Programmieren/gtk/include/atk-1.0" /ID:/Programmieren/gtk/include/cairo /I"D:/Programmieren/gtk/include/pixman-1" /ID:/Programmieren/gtk/include /ID:/Programmieren/gtk/include/freetype2 /ID:/Programmieren/gtk/include /ID:/Programmieren/gtk/include/libpng15 /I"D:/Programmieren/gtk/include/gdk-pixbuf-2.0" /ID:/Programmieren/gtk/include/libpng15 /I"D:/Programmieren/gtk/include/glib-2.0" /I"D:/Programmieren/gtk/lib/glib-2.0/include" /I"D:\Programmieren\libcurl-7.19.3-win32-ssl-msvc\include" /AI"C:\Program Files (x86)\Reference Assemblies\Microsoft\Framework\.NETFramework\v4.5\\" /AI"C:\Program Files (x86)\Windows Kits\8.0\References\CommonConfiguration\Neutral" /AI"C:\Program Files (x86)\Reference Assemblies\Microsoft\Framework\.NETFramework\v4.5\Facades\\" /Zi /clr /nologo /W3 /WX- /Od /Oy- /D WIN32 /D _DEBUG /D _UNICODE /D UNICODE /EHa /MDd /GS /fp:precise /Zc:wchar_t /Zc:forScope /Fo"Debug\\" /Fd"Debug\vc110.pdb" /TP /FU"C:\Program Files (x86)\Reference Assemblies\Microsoft\Framework\.NETFramework\v4.5\mscorlib.dll" /analyze- /errorReport:prompt /clr:nostdlib HTTPDownloader.cpp
         HTTPDownloader.cpp
     1>HTTPDownloader.cpp(33): error C2275: 'std::stringstream': Ungültige Verwendung dieses Typs als Ausdruck
     1>HTTPDownloader.cpp(33): error C2146: Syntaxfehler: Fehlendes ';' vor Bezeichner 'out'
     1>HTTPDownloader.cpp(33): error C2065: 'out': nichtdeklarierter Bezeichner
     1>HTTPDownloader.cpp(35): error C2065: 'out': nichtdeklarierter Bezeichner
     1>HTTPDownloader.cpp(43): error C2065: 'out': nichtdeklarierter Bezeichner
     1>HTTPDownloader.cpp(43): error C2228: Links von ".str" muss sich eine Klasse/Struktur/Union befinden.
                 Typ ist ''unknown-type''
     1>Die Erstellung des Projekts "D:\GitHub\THM_SWT_Projekt\SWT_Projekt_Temperaturanzeige\SWT_Projekt_Temperaturanzeige\SWT_Projekt_Temperaturanzeige.vcxproj" ist abgeschlossen, Build Ziel(e) -- FEHLER.

Fehler beim Buildvorgang.

Verstrichene Zeit 00:00:02.69
